<?xml version="1.0" encoding="UTF-8"?>
<testng-results ignored="0" total="5" passed="5" failed="0" skipped="0">
  <reporter-output>
  </reporter-output>
  <suite started-at="2023-02-27T19:30:23 EET" name="AllTests" finished-at="2023-02-27T19:31:20 EET" duration-ms="56625">
    <groups>
    </groups>
    <test started-at="2023-02-27T19:30:23 EET" name="Login" finished-at="2023-02-27T19:30:31 EET" duration-ms="8078">
      <class name="com.herokuapp.tests.LoginTests">
        <test-method is-config="true" signature="setUp()[pri:0, instance:com.herokuapp.tests.LoginTests@4f638935]" started-at="2023-02-27T19:30:23 EET" name="setUp" finished-at="2023-02-27T19:30:23 EET" duration-ms="20" status="PASS">
          <reporter-output>
          </reporter-output>
        </test-method> <!-- setUp -->
        <test-method signature="positiveLogin(java.lang.String,java.lang.String,java.lang.String)[pri:0, instance:com.herokuapp.tests.LoginTests@4f638935]" started-at="2023-02-27T19:30:23 EET" name="positiveLogin" finished-at="2023-02-27T19:30:31 EET" duration-ms="7751" status="PASS">
          <params>
            <param index="0">
              <value>
                <![CDATA[tomsmith]]>
              </value>
            </param>
            <param index="1">
              <value>
                <![CDATA[SuperSecretPassword!]]>
              </value>
            </param>
            <param index="2">
              <value>
                <![CDATA[You logged into a secure area!]]>
              </value>
            </param>
          </params>
          <reporter-output>
          </reporter-output>
        </test-method> <!-- positiveLogin -->
        <test-method is-config="true" signature="tearDown()[pri:0, instance:com.herokuapp.tests.LoginTests@4f638935]" started-at="2023-02-27T19:30:31 EET" name="tearDown" finished-at="2023-02-27T19:30:31 EET" duration-ms="216" status="PASS">
          <reporter-output>
          </reporter-output>
        </test-method> <!-- tearDown -->
      </class> <!-- com.herokuapp.tests.LoginTests -->
    </test> <!-- Login -->
    <test started-at="2023-02-27T19:30:31 EET" name="Logout" finished-at="2023-02-27T19:30:52 EET" duration-ms="21243">
      <class name="com.herokuapp.tests.LogoutTests">
        <test-method is-config="true" signature="setUp()[pri:0, instance:com.herokuapp.tests.LogoutTests@d4342c2]" started-at="2023-02-27T19:30:31 EET" name="setUp" finished-at="2023-02-27T19:30:31 EET" duration-ms="1" status="PASS">
          <reporter-output>
          </reporter-output>
        </test-method> <!-- setUp -->
        <test-method signature="loginAndLogout(java.lang.String,java.lang.String,java.lang.String)[pri:0, instance:com.herokuapp.tests.LogoutTests@d4342c2]" started-at="2023-02-27T19:30:31 EET" name="loginAndLogout" finished-at="2023-02-27T19:30:36 EET" duration-ms="5024" status="PASS">
          <params>
            <param index="0">
              <value>
                <![CDATA[tomsmith]]>
              </value>
            </param>
            <param index="1">
              <value>
                <![CDATA[SuperSecretPassword!]]>
              </value>
            </param>
            <param index="2">
              <value>
                <![CDATA[You logged out of the secure area!]]>
              </value>
            </param>
          </params>
          <reporter-output>
          </reporter-output>
        </test-method> <!-- loginAndLogout -->
        <test-method is-config="true" signature="tearDown()[pri:0, instance:com.herokuapp.tests.LogoutTests@d4342c2]" started-at="2023-02-27T19:30:36 EET" name="tearDown" finished-at="2023-02-27T19:30:52 EET" duration-ms="16215" status="PASS">
          <reporter-output>
          </reporter-output>
        </test-method> <!-- tearDown -->
      </class> <!-- com.herokuapp.tests.LogoutTests -->
    </test> <!-- Logout -->
    <test started-at="2023-02-27T19:30:52 EET" name="Checkbox" finished-at="2023-02-27T19:31:12 EET" duration-ms="19763">
      <class name="com.herokuapp.tests.CheckboxTests">
        <test-method is-config="true" signature="setUp()[pri:0, instance:com.herokuapp.tests.CheckboxTests@12b0404f]" started-at="2023-02-27T19:30:52 EET" name="setUp" finished-at="2023-02-27T19:30:52 EET" duration-ms="1" status="PASS">
          <reporter-output>
          </reporter-output>
        </test-method> <!-- setUp -->
        <test-method signature="checkCheckbox()[pri:0, instance:com.herokuapp.tests.CheckboxTests@12b0404f]" started-at="2023-02-27T19:30:52 EET" name="checkCheckbox" finished-at="2023-02-27T19:30:56 EET" duration-ms="3535" status="PASS">
          <reporter-output>
          </reporter-output>
        </test-method> <!-- checkCheckbox -->
        <test-method is-config="true" signature="tearDown()[pri:0, instance:com.herokuapp.tests.CheckboxTests@12b0404f]" started-at="2023-02-27T19:30:56 EET" name="tearDown" finished-at="2023-02-27T19:31:12 EET" duration-ms="16225" status="PASS">
          <reporter-output>
          </reporter-output>
        </test-method> <!-- tearDown -->
      </class> <!-- com.herokuapp.tests.CheckboxTests -->
    </test> <!-- Checkbox -->
    <test started-at="2023-02-27T19:31:12 EET" name="Dropdown" finished-at="2023-02-27T19:31:20 EET" duration-ms="7446">
      <class name="com.herokuapp.tests.DropdownTests">
        <test-method is-config="true" signature="setUp()[pri:0, instance:com.herokuapp.tests.DropdownTests@78aab498]" started-at="2023-02-27T19:31:12 EET" name="setUp" finished-at="2023-02-27T19:31:12 EET" duration-ms="1" status="PASS">
          <reporter-output>
          </reporter-output>
        </test-method> <!-- setUp -->
        <test-method signature="selectFirstOptionInDropDown()[pri:0, instance:com.herokuapp.tests.DropdownTests@78aab498]" started-at="2023-02-27T19:31:12 EET" name="selectFirstOptionInDropDown" finished-at="2023-02-27T19:31:15 EET" duration-ms="3064" status="PASS">
          <reporter-output>
          </reporter-output>
        </test-method> <!-- selectFirstOptionInDropDown -->
        <test-method is-config="true" signature="tearDown()[pri:0, instance:com.herokuapp.tests.DropdownTests@78aab498]" started-at="2023-02-27T19:31:15 EET" name="tearDown" finished-at="2023-02-27T19:31:16 EET" duration-ms="296" status="PASS">
          <reporter-output>
          </reporter-output>
        </test-method> <!-- tearDown -->
        <test-method is-config="true" signature="setUp()[pri:0, instance:com.herokuapp.tests.DropdownTests@78aab498]" started-at="2023-02-27T19:31:16 EET" name="setUp" finished-at="2023-02-27T19:31:16 EET" duration-ms="1" status="PASS">
          <reporter-output>
          </reporter-output>
        </test-method> <!-- setUp -->
        <test-method signature="selectSecondOptionInDropDown()[pri:0, instance:com.herokuapp.tests.DropdownTests@78aab498]" started-at="2023-02-27T19:31:16 EET" name="selectSecondOptionInDropDown" finished-at="2023-02-27T19:31:19 EET" duration-ms="3709" status="PASS">
          <reporter-output>
          </reporter-output>
        </test-method> <!-- selectSecondOptionInDropDown -->
        <test-method is-config="true" signature="tearDown()[pri:0, instance:com.herokuapp.tests.DropdownTests@78aab498]" started-at="2023-02-27T19:31:19 EET" name="tearDown" finished-at="2023-02-27T19:31:20 EET" duration-ms="371" status="PASS">
          <reporter-output>
          </reporter-output>
        </test-method> <!-- tearDown -->
      </class> <!-- com.herokuapp.tests.DropdownTests -->
    </test> <!-- Dropdown -->
  </suite> <!-- AllTests -->
</testng-results>
